Loading v4_dense/implicit late ...
  N=3500  d=2560

=== INLP mode=z  (iteratively project out the z-probe direction) ===

=== Null mode=random  (project out random unit directions) ===

=== Interference mode=x  (project out the x-probe direction) ===

======================================================================
R²(z) vs projection step  (8 steps + initial)
======================================================================
mode      s= 0  s= 1  s= 2  s= 3  s= 4  s= 5  s= 6  s= 7  s= 8
INLP-z      +0.985  +0.972  +0.963  +0.958  +0.953  +0.950  +0.947  +0.947  +0.944
random      +0.985  +0.985  +0.985  +0.985  +0.985  +0.985  +0.985  +0.985  +0.985
INLP-x      +0.985  +0.983  +0.982  +0.981  +0.980  +0.980  +0.980  +0.980  +0.979

Final R²(z) after 8 steps:
  INLP-z = +0.944  (expect ≪ random if w_z captures the signal)
  random = +0.985
  gap    = +0.041  (positive = INLP outperforms random)

R²(logit_diff) after 8 steps:
  INLP-z = +0.998
  random = +0.998

R²(x) after 8 steps:
  INLP-z = +0.983   (should stay high — x is not z)
  INLP-x = +0.954   (should fall — x direction nulled)

Saved /workspace/repo/results/v4_analysis/inlp_late.json
Saved /workspace/repo/results/v4_analysis/figures/inlp_late.png

Done in 176.9s
