Loading google/gemma-4-E4B...
Loading weights:   0%|                                                                                                           | 0/2076 [00:00<?, ?it/s]Loading weights:  25%|███████████████████████▊                                                                       | 519/2076 [00:00<00:00, 5177.75it/s]Loading weights:  50%|███████████████████████████████████████████████▍                                               | 1037/2076 [00:01<00:01, 836.95it/s]Loading weights:  62%|██████████████████████████████████████████████████████████▋                                    | 1282/2076 [00:01<00:01, 762.26it/s]Loading weights:  70%|██████████████████████████████████████████████████████████████████                             | 1444/2076 [00:01<00:00, 750.20it/s]Loading weights:  96%|█████████████████████████████████████████████████████████████████████████████████████████▉    | 1986/2076 [00:01<00:00, 1323.52it/s]Loading weights: 100%|██████████████████████████████████████████████████████████████████████████████████████████████| 2076/2076 [00:01<00:00, 1137.66it/s]
  Loaded in 6.1s
  Tokenization check:
  'tall': ids=[13030] tokens=['▁tall']
  'short': ids=[2822] tokens=['▁short']

=== Steering along w_z @ layer late (idx 32) ===
Traceback (most recent call last):
  File "/workspace/repo/scripts/vast_remote/steer_v4.py", line 179, in <module>
    main()
  File "/workspace/repo/scripts/vast_remote/steer_v4.py", line 154, in main
    diffs, _, _ = steered_forward(
                  ^^^^^^^^^^^^^^^^
  File "/workspace/repo/scripts/vast_remote/steer_v4.py", line 81, in steered_forward
    out = model(**inputs, use_cache=False)
          ^^^^^^^^^^^^^^^^^^^^^^^^^^^^^^^^
  File "/venv/main/lib/python3.12/site-packages/torch/nn/modules/module.py", line 1776, in _wrapped_call_impl
    return self._call_impl(*args, **kwargs)
           ^^^^^^^^^^^^^^^^^^^^^^^^^^^^^^^^
  File "/venv/main/lib/python3.12/site-packages/torch/nn/modules/module.py", line 1787, in _call_impl
    return forward_call(*args, **kwargs)
           ^^^^^^^^^^^^^^^^^^^^^^^^^^^^^
  File "/venv/main/lib/python3.12/site-packages/accelerate/hooks.py", line 192, in new_forward
    output = module._old_forward(*args, **kwargs)
             ^^^^^^^^^^^^^^^^^^^^^^^^^^^^^^^^^^^^
  File "/venv/main/lib/python3.12/site-packages/transformers/utils/generic.py", line 876, in wrapper
    output = func(self, *args, **kwargs)
             ^^^^^^^^^^^^^^^^^^^^^^^^^^^
  File "/venv/main/lib/python3.12/site-packages/transformers/models/gemma4/modeling_gemma4.py", line 2455, in forward
    outputs = self.model(
              ^^^^^^^^^^^
  File "/venv/main/lib/python3.12/site-packages/torch/nn/modules/module.py", line 1776, in _wrapped_call_impl
    return self._call_impl(*args, **kwargs)
           ^^^^^^^^^^^^^^^^^^^^^^^^^^^^^^^^
  File "/venv/main/lib/python3.12/site-packages/torch/nn/modules/module.py", line 1787, in _call_impl
    return forward_call(*args, **kwargs)
           ^^^^^^^^^^^^^^^^^^^^^^^^^^^^^
  File "/venv/main/lib/python3.12/site-packages/transformers/utils/generic.py", line 952, in wrapper
    output = func(self, *args, **kwargs)
             ^^^^^^^^^^^^^^^^^^^^^^^^^^^
  File "/venv/main/lib/python3.12/site-packages/transformers/utils/generic.py", line 876, in wrapper
    output = func(self, *args, **kwargs)
             ^^^^^^^^^^^^^^^^^^^^^^^^^^^
  File "/venv/main/lib/python3.12/site-packages/transformers/models/gemma4/modeling_gemma4.py", line 2314, in forward
    outputs = self.language_model(
              ^^^^^^^^^^^^^^^^^^^^
  File "/venv/main/lib/python3.12/site-packages/torch/nn/modules/module.py", line 1776, in _wrapped_call_impl
    return self._call_impl(*args, **kwargs)
           ^^^^^^^^^^^^^^^^^^^^^^^^^^^^^^^^
  File "/venv/main/lib/python3.12/site-packages/torch/nn/modules/module.py", line 1787, in _call_impl
    return forward_call(*args, **kwargs)
           ^^^^^^^^^^^^^^^^^^^^^^^^^^^^^
  File "/venv/main/lib/python3.12/site-packages/transformers/utils/generic.py", line 952, in wrapper
    output = func(self, *args, **kwargs)
             ^^^^^^^^^^^^^^^^^^^^^^^^^^^
  File "/venv/main/lib/python3.12/site-packages/transformers/utils/output_capturing.py", line 248, in wrapper
    outputs = func(self, *args, **kwargs)
              ^^^^^^^^^^^^^^^^^^^^^^^^^^^
  File "/venv/main/lib/python3.12/site-packages/transformers/models/gemma4/modeling_gemma4.py", line 1622, in forward
    hidden_states = decoder_layer(
                    ^^^^^^^^^^^^^^
  File "/venv/main/lib/python3.12/site-packages/transformers/modeling_layers.py", line 93, in __call__
    return super().__call__(*args, **kwargs)
           ^^^^^^^^^^^^^^^^^^^^^^^^^^^^^^^^^
  File "/venv/main/lib/python3.12/site-packages/torch/nn/modules/module.py", line 1776, in _wrapped_call_impl
    return self._call_impl(*args, **kwargs)
           ^^^^^^^^^^^^^^^^^^^^^^^^^^^^^^^^
  File "/venv/main/lib/python3.12/site-packages/torch/nn/modules/module.py", line 1882, in _call_impl
    return inner()
           ^^^^^^^
  File "/venv/main/lib/python3.12/site-packages/torch/nn/modules/module.py", line 1843, in inner
    hook_result = hook(self, args, result)
                  ^^^^^^^^^^^^^^^^^^^^^^^^
  File "/workspace/repo/scripts/vast_remote/steer_v4.py", line 67, in hook
    h[:, -1, :] = h[:, -1, :] + alpha * direction_t
                  ~~~~~~~~~~~~^~~~~~~~~~~~~~~~~~~~~
RuntimeError: Expected all tensors to be on the same device, but found at least two devices, cuda:1 and cuda:0!
